2018-06-06 14:42:54,866	HM App:	(INFO)	:	--- Starting Application ---
2018-06-06 14:42:54,882	HM App:	(INFO)	:	STEP: discover_and_connect
2018-06-06 14:42:54,882	HM App:	(INFO)	:		find serial port and connect
2018-06-06 14:42:54,882	HM App:	(DEBUG)	:		Checking COM1
2018-06-06 14:42:54,882	HM App:	(DEBUG)	:		Checking COM2
2018-06-06 14:42:54,882	HM App:	(DEBUG)	:		Checking COM3
2018-06-06 14:42:54,882	HM App:	(DEBUG)	:		Checking COM4
2018-06-06 14:42:54,882	HM App:	(DEBUG)	:		Checking COM5
2018-06-06 14:42:54,882	HM App:	(DEBUG)	:		Checking COM6
2018-06-06 14:42:54,882	HM App:	(DEBUG)	:		Checking COM7
2018-06-06 14:42:54,882	HM App:	(DEBUG)	:		Checking COM8
2018-06-06 14:42:54,882	HM App:	(DEBUG)	:		Checking COM9
2018-06-06 14:42:54,882	HM App:	(DEBUG)	:		Checking COM10
2018-06-06 14:42:54,882	HM App:	(DEBUG)	:		Checking COM11
2018-06-06 14:42:54,882	HM App:	(DEBUG)	:		Checking COM12
2018-06-06 14:42:54,882	HM App:	(DEBUG)	:		Checking COM13
2018-06-06 14:42:54,882	HM App:	(DEBUG)	:		Checking COM14
2018-06-06 14:42:54,882	HM App:	(DEBUG)	:		Checking COM15
2018-06-06 14:42:54,882	HM App:	(DEBUG)	:		Checking COM16
2018-06-06 14:42:54,882	HM App:	(DEBUG)	:		Checking COM17
2018-06-06 14:42:54,882	HM App:	(DEBUG)	:		Checking COM18
2018-06-06 14:42:54,882	HM App:	(DEBUG)	:		Checking COM19
2018-06-06 14:42:54,882	HM App:	(DEBUG)	:		Checking COM20
2018-06-06 14:42:54,882	HM App:	(DEBUG)	:		Checking COM21
2018-06-06 14:42:54,882	HM App:	(DEBUG)	:		Checking COM22
2018-06-06 14:42:54,882	HM App:	(DEBUG)	:		Checking COM23
2018-06-06 14:42:54,882	HM App:	(DEBUG)	:		Checking COM24
2018-06-06 14:42:54,882	HM App:	(DEBUG)	:		Checking COM25
2018-06-06 14:42:54,882	HM App:	(DEBUG)	:		Checking COM26
2018-06-06 14:42:54,882	HM App:	(DEBUG)	:		Checking COM27
2018-06-06 14:42:54,882	HM App:	(DEBUG)	:		Checking COM28
2018-06-06 14:42:54,882	HM App:	(DEBUG)	:		Checking COM29
2018-06-06 14:42:54,882	HM App:	(DEBUG)	:		Checking COM30
2018-06-06 14:42:54,882	HM App:	(DEBUG)	:		Checking COM31
2018-06-06 14:42:54,882	HM App:	(DEBUG)	:		Checking COM32
2018-06-06 14:42:54,882	HM App:	(DEBUG)	:		Checking COM33
2018-06-06 14:42:54,882	HM App:	(DEBUG)	:		Checking COM34
2018-06-06 14:42:54,882	HM App:	(DEBUG)	:		Checking COM35
2018-06-06 14:42:54,882	HM App:	(DEBUG)	:		Checking COM36
2018-06-06 14:42:54,882	HM App:	(DEBUG)	:		Checking COM37
2018-06-06 14:42:54,882	HM App:	(DEBUG)	:		Checking COM38
2018-06-06 14:42:54,882	HM App:	(DEBUG)	:		Checking COM39
2018-06-06 14:42:54,897	HM App:	(DEBUG)	:		Checking COM40
2018-06-06 14:42:54,897	HM App:	(DEBUG)	:		Checking COM41
2018-06-06 14:42:54,897	HM App:	(DEBUG)	:		Checking COM42
2018-06-06 14:42:54,897	HM App:	(DEBUG)	:		Checking COM43
2018-06-06 14:42:54,897	HM App:	(DEBUG)	:		Checking COM44
2018-06-06 14:42:54,897	HM App:	(DEBUG)	:		Checking COM45
2018-06-06 14:42:54,897	HM App:	(DEBUG)	:		Checking COM46
2018-06-06 14:42:54,897	HM App:	(DEBUG)	:		Checking COM47
2018-06-06 14:42:54,897	HM App:	(DEBUG)	:		Checking COM48
2018-06-06 14:42:54,897	HM App:	(DEBUG)	:		Checking COM49
2018-06-06 14:42:54,897	HM App:	(DEBUG)	:		Checking COM50
2018-06-06 14:42:54,897	HM App:	(ERROR)	:	*** Connection error, did not find PS90 controller below port<50. Make sure USB cable is connected.
2018-06-06 14:42:54,897	HM App:	(ERROR)	:	--- Shutting down ---
2018-06-06 14:49:18,081	HM App:	(INFO)	:	--- Starting Application ---
2018-06-06 14:49:37,801	HM App:	(INFO)	:	--- Starting Application ---
2018-06-06 14:49:37,801	HM App:	(INFO)	:	STEP: init_motors
2018-06-06 14:49:37,802	HM App:	(DEBUG)	:	Executing serial command: RELAT1
2018-06-06 14:51:19,008	HM App:	(INFO)	:	--- Starting Application ---
2018-06-06 14:51:48,183	HM App:	(INFO)	:	--- Starting Application ---
2018-06-06 14:51:48,183	HM App:	(INFO)	:	STEP: setup
2018-06-06 14:51:48,183	HM App:	(INFO)	:		DAC Position
2018-06-06 14:51:48,728	HM App:	(INFO)	:		Optical Arrangement
2018-06-06 14:51:52,132	HM App:	(INFO)	:	STEP: main
2018-06-06 14:51:52,132	HM App:	(INFO)	:		launching main window...
2018-06-06 14:53:54,343	HM App:	(INFO)	:	--- Starting Application ---
2018-06-06 14:53:54,343	HM App:	(INFO)	:	STEP: discover_and_connect
2018-06-06 14:53:54,343	HM App:	(INFO)	:		find serial port and connect
2018-06-06 14:53:54,343	HM App:	(DEBUG)	:		Checking COM1
2018-06-06 14:53:54,343	HM App:	(DEBUG)	:		Checking COM2
2018-06-06 14:53:54,343	HM App:	(DEBUG)	:		Checking COM3
2018-06-06 14:53:54,343	HM App:	(DEBUG)	:		Checking COM4
2018-06-06 14:53:54,343	HM App:	(DEBUG)	:		Checking COM5
2018-06-06 14:53:54,343	HM App:	(DEBUG)	:		Checking COM6
2018-06-06 14:53:54,343	HM App:	(DEBUG)	:		Checking COM7
2018-06-06 14:53:54,343	HM App:	(DEBUG)	:		Checking COM8
2018-06-06 14:53:54,343	HM App:	(DEBUG)	:		Checking COM9
2018-06-06 14:53:54,343	HM App:	(DEBUG)	:		Checking COM10
2018-06-06 14:53:54,343	HM App:	(DEBUG)	:		Checking COM11
2018-06-06 14:53:54,343	HM App:	(DEBUG)	:		Checking COM12
2018-06-06 14:53:54,343	HM App:	(DEBUG)	:		Checking COM13
2018-06-06 14:53:54,343	HM App:	(DEBUG)	:		Checking COM14
2018-06-06 14:53:54,343	HM App:	(DEBUG)	:		Checking COM15
2018-06-06 14:53:54,343	HM App:	(DEBUG)	:		Checking COM16
2018-06-06 14:53:54,343	HM App:	(DEBUG)	:		Checking COM17
2018-06-06 14:53:54,343	HM App:	(DEBUG)	:		Checking COM18
2018-06-06 14:53:54,343	HM App:	(DEBUG)	:		Checking COM19
2018-06-06 14:53:54,343	HM App:	(DEBUG)	:		Checking COM20
2018-06-06 14:53:54,343	HM App:	(DEBUG)	:		Checking COM21
2018-06-06 14:53:54,343	HM App:	(DEBUG)	:		Checking COM22
2018-06-06 14:53:54,343	HM App:	(DEBUG)	:		Checking COM23
2018-06-06 14:53:54,343	HM App:	(DEBUG)	:		Checking COM24
2018-06-06 14:53:54,343	HM App:	(DEBUG)	:		Checking COM25
2018-06-06 14:53:54,343	HM App:	(DEBUG)	:		Checking COM26
2018-06-06 14:53:54,343	HM App:	(DEBUG)	:		Checking COM27
2018-06-06 14:53:54,343	HM App:	(DEBUG)	:		Checking COM28
2018-06-06 14:53:54,343	HM App:	(DEBUG)	:		Checking COM29
2018-06-06 14:53:54,343	HM App:	(DEBUG)	:		Checking COM30
2018-06-06 14:53:54,343	HM App:	(DEBUG)	:		Checking COM31
2018-06-06 14:53:54,343	HM App:	(DEBUG)	:		Checking COM32
2018-06-06 14:53:54,343	HM App:	(DEBUG)	:		Checking COM33
2018-06-06 14:53:54,343	HM App:	(DEBUG)	:		Checking COM34
2018-06-06 14:53:54,343	HM App:	(DEBUG)	:		Checking COM35
2018-06-06 14:53:54,343	HM App:	(DEBUG)	:		Checking COM36
2018-06-06 14:53:54,343	HM App:	(DEBUG)	:		Checking COM37
2018-06-06 14:53:54,343	HM App:	(DEBUG)	:		Checking COM38
2018-06-06 14:53:54,343	HM App:	(DEBUG)	:		Checking COM39
2018-06-06 14:53:54,343	HM App:	(DEBUG)	:		Checking COM40
2018-06-06 14:53:54,343	HM App:	(DEBUG)	:		Checking COM41
2018-06-06 14:53:54,343	HM App:	(DEBUG)	:		Checking COM42
2018-06-06 14:53:54,343	HM App:	(DEBUG)	:		Checking COM43
2018-06-06 14:53:54,343	HM App:	(DEBUG)	:		Checking COM44
2018-06-06 14:53:54,343	HM App:	(DEBUG)	:		Checking COM45
2018-06-06 14:53:54,343	HM App:	(DEBUG)	:		Checking COM46
2018-06-06 14:53:54,343	HM App:	(DEBUG)	:		Checking COM47
2018-06-06 14:53:54,343	HM App:	(DEBUG)	:		Checking COM48
2018-06-06 14:53:54,343	HM App:	(DEBUG)	:		Checking COM49
2018-06-06 14:53:54,343	HM App:	(DEBUG)	:		Checking COM50
2018-06-06 14:53:54,343	HM App:	(ERROR)	:	*** Connection error, did not find PS90 controller below port<50. Make sure USB cable is connected.
2018-06-06 14:53:54,343	HM App:	(ERROR)	:	--- Shutting down ---
2018-06-06 14:56:00,943	HM App:	(INFO)	:	--- Starting Application ---
2018-06-06 14:56:00,943	HM App:	(INFO)	:	STEP: discover_and_connect
2018-06-06 14:56:00,943	HM App:	(INFO)	:		find serial port and connect
2018-06-06 14:56:00,943	HM App:	(DEBUG)	:		Checking COM1
2018-06-06 14:56:00,943	HM App:	(DEBUG)	:		Checking COM2
2018-06-06 14:56:00,943	HM App:	(DEBUG)	:		Checking COM3
2018-06-06 14:56:00,943	HM App:	(DEBUG)	:		Checking COM4
2018-06-06 14:56:00,943	HM App:	(DEBUG)	:		Checking COM5
2018-06-06 14:56:00,943	HM App:	(DEBUG)	:		Checking COM6
2018-06-06 14:56:00,943	HM App:	(DEBUG)	:		Checking COM7
2018-06-06 14:56:00,943	HM App:	(DEBUG)	:		Checking COM8
2018-06-06 14:56:00,943	HM App:	(DEBUG)	:		Checking COM9
2018-06-06 14:56:00,943	HM App:	(DEBUG)	:		Checking COM10
2018-06-06 14:56:00,958	HM App:	(DEBUG)	:		Checking COM11
2018-06-06 14:56:00,958	HM App:	(DEBUG)	:		Checking COM12
2018-06-06 14:56:00,958	HM App:	(DEBUG)	:		Checking COM13
2018-06-06 14:56:00,958	HM App:	(DEBUG)	:		Checking COM14
2018-06-06 14:56:00,958	HM App:	(DEBUG)	:		Checking COM15
2018-06-06 14:56:00,958	HM App:	(DEBUG)	:		Checking COM16
2018-06-06 14:56:00,958	HM App:	(DEBUG)	:		Checking COM17
2018-06-06 14:56:00,958	HM App:	(DEBUG)	:		Checking COM18
2018-06-06 14:56:00,958	HM App:	(DEBUG)	:		Checking COM19
2018-06-06 14:56:00,958	HM App:	(DEBUG)	:		Checking COM20
2018-06-06 14:56:00,958	HM App:	(DEBUG)	:		Checking COM21
2018-06-06 14:56:00,958	HM App:	(DEBUG)	:		Checking COM22
2018-06-06 14:56:00,958	HM App:	(DEBUG)	:		Checking COM23
2018-06-06 14:56:00,958	HM App:	(DEBUG)	:		Checking COM24
2018-06-06 14:56:00,958	HM App:	(DEBUG)	:		Checking COM25
2018-06-06 14:56:00,958	HM App:	(DEBUG)	:		Checking COM26
2018-06-06 14:56:00,958	HM App:	(DEBUG)	:		Checking COM27
2018-06-06 14:56:00,958	HM App:	(DEBUG)	:		Checking COM28
2018-06-06 14:56:00,958	HM App:	(DEBUG)	:		Checking COM29
2018-06-06 14:56:00,958	HM App:	(DEBUG)	:		Checking COM30
2018-06-06 14:56:00,958	HM App:	(DEBUG)	:		Checking COM31
2018-06-06 14:56:00,958	HM App:	(DEBUG)	:		Checking COM32
2018-06-06 14:56:00,958	HM App:	(DEBUG)	:		Checking COM33
2018-06-06 14:56:00,958	HM App:	(DEBUG)	:		Checking COM34
2018-06-06 14:56:00,958	HM App:	(DEBUG)	:		Checking COM35
2018-06-06 14:56:00,958	HM App:	(DEBUG)	:		Checking COM36
2018-06-06 14:56:00,958	HM App:	(DEBUG)	:		Checking COM37
2018-06-06 14:56:00,958	HM App:	(DEBUG)	:		Checking COM38
2018-06-06 14:56:00,958	HM App:	(DEBUG)	:		Checking COM39
2018-06-06 14:56:00,958	HM App:	(DEBUG)	:		Checking COM40
2018-06-06 14:56:00,958	HM App:	(DEBUG)	:		Checking COM41
2018-06-06 14:56:00,958	HM App:	(DEBUG)	:		Checking COM42
2018-06-06 14:56:00,958	HM App:	(DEBUG)	:		Checking COM43
2018-06-06 14:56:00,958	HM App:	(DEBUG)	:		Checking COM44
2018-06-06 14:56:00,958	HM App:	(DEBUG)	:		Checking COM45
2018-06-06 14:56:00,958	HM App:	(DEBUG)	:		Checking COM46
2018-06-06 14:56:00,958	HM App:	(DEBUG)	:		Checking COM47
2018-06-06 14:56:00,958	HM App:	(DEBUG)	:		Checking COM48
2018-06-06 14:56:00,958	HM App:	(DEBUG)	:		Checking COM49
2018-06-06 14:56:00,958	HM App:	(DEBUG)	:		Checking COM50
2018-06-06 14:57:45,369	HM App:	(INFO)	:	--- Starting Application ---
2018-06-06 14:57:45,369	HM App:	(INFO)	:	STEP: discover_and_connect
2018-06-06 14:57:45,369	HM App:	(INFO)	:		find serial port and connect
2018-06-06 14:57:45,369	HM App:	(DEBUG)	:		Checking COM1
2018-06-06 14:57:45,369	HM App:	(DEBUG)	:		Checking COM2
2018-06-06 14:57:45,369	HM App:	(DEBUG)	:		Checking COM3
2018-06-06 14:57:45,369	HM App:	(DEBUG)	:		Checking COM4
2018-06-06 14:57:45,369	HM App:	(DEBUG)	:		Checking COM5
2018-06-06 14:57:45,369	HM App:	(DEBUG)	:		Checking COM6
2018-06-06 14:57:45,369	HM App:	(DEBUG)	:		Checking COM7
2018-06-06 14:57:45,369	HM App:	(DEBUG)	:		Checking COM8
2018-06-06 14:57:45,369	HM App:	(DEBUG)	:		Checking COM9
2018-06-06 14:57:45,369	HM App:	(DEBUG)	:		Checking COM10
2018-06-06 14:57:45,369	HM App:	(DEBUG)	:		Checking COM11
2018-06-06 14:57:45,369	HM App:	(DEBUG)	:		Checking COM12
2018-06-06 14:57:45,369	HM App:	(DEBUG)	:		Checking COM13
2018-06-06 14:57:45,369	HM App:	(DEBUG)	:		Checking COM14
2018-06-06 14:57:45,369	HM App:	(DEBUG)	:		Checking COM15
2018-06-06 14:57:45,369	HM App:	(DEBUG)	:		Checking COM16
2018-06-06 14:57:45,369	HM App:	(DEBUG)	:		Checking COM17
2018-06-06 14:57:45,369	HM App:	(DEBUG)	:		Checking COM18
2018-06-06 14:57:45,369	HM App:	(DEBUG)	:		Checking COM19
2018-06-06 14:57:45,369	HM App:	(DEBUG)	:		Checking COM20
2018-06-06 14:57:45,369	HM App:	(DEBUG)	:		Checking COM21
2018-06-06 14:57:45,369	HM App:	(DEBUG)	:		Checking COM22
2018-06-06 14:57:45,369	HM App:	(DEBUG)	:		Checking COM23
2018-06-06 14:57:45,369	HM App:	(DEBUG)	:		Checking COM24
2018-06-06 14:57:45,369	HM App:	(DEBUG)	:		Checking COM25
2018-06-06 14:57:45,369	HM App:	(DEBUG)	:		Checking COM26
2018-06-06 14:57:45,369	HM App:	(DEBUG)	:		Checking COM27
2018-06-06 14:57:45,369	HM App:	(DEBUG)	:		Checking COM28
2018-06-06 14:57:45,369	HM App:	(DEBUG)	:		Checking COM29
2018-06-06 14:57:45,369	HM App:	(DEBUG)	:		Checking COM30
2018-06-06 14:57:45,369	HM App:	(DEBUG)	:		Checking COM31
2018-06-06 14:57:45,369	HM App:	(DEBUG)	:		Checking COM32
2018-06-06 14:57:45,369	HM App:	(DEBUG)	:		Checking COM33
2018-06-06 14:57:45,369	HM App:	(DEBUG)	:		Checking COM34
2018-06-06 14:57:45,369	HM App:	(DEBUG)	:		Checking COM35
2018-06-06 14:57:45,369	HM App:	(DEBUG)	:		Checking COM36
2018-06-06 14:57:45,369	HM App:	(DEBUG)	:		Checking COM37
2018-06-06 14:57:45,369	HM App:	(DEBUG)	:		Checking COM38
2018-06-06 14:57:45,369	HM App:	(DEBUG)	:		Checking COM39
2018-06-06 14:57:45,369	HM App:	(DEBUG)	:		Checking COM40
2018-06-06 14:57:45,369	HM App:	(DEBUG)	:		Checking COM41
2018-06-06 14:57:45,369	HM App:	(DEBUG)	:		Checking COM42
2018-06-06 14:57:45,369	HM App:	(DEBUG)	:		Checking COM43
2018-06-06 14:57:45,369	HM App:	(DEBUG)	:		Checking COM44
2018-06-06 14:57:45,369	HM App:	(DEBUG)	:		Checking COM45
2018-06-06 14:57:45,369	HM App:	(DEBUG)	:		Checking COM46
2018-06-06 14:57:45,369	HM App:	(DEBUG)	:		Checking COM47
2018-06-06 14:57:45,369	HM App:	(DEBUG)	:		Checking COM48
2018-06-06 14:57:45,369	HM App:	(DEBUG)	:		Checking COM49
2018-06-06 14:57:45,369	HM App:	(DEBUG)	:		Checking COM50
2018-06-06 14:57:45,369	HM App:	(ERROR)	:	*** Connection error, did not find PS90 controller below port<50. Make sure USB cable is connected.
2018-06-06 14:57:45,369	HM App:	(ERROR)	:	--- Shutting down ---
2018-06-07 10:00:05,250	HM App:	(INFO)	:	--- Starting Application ---
2018-06-07 10:00:05,261	HM App:	(INFO)	:	STEP: discover_and_connect
2018-06-07 10:00:05,261	HM App:	(INFO)	:		find serial port and connect
2018-06-07 10:00:05,261	HM App:	(DEBUG)	:		Checking COM1
2018-06-07 10:00:05,261	HM App:	(DEBUG)	:		Checking COM2
2018-06-07 10:00:05,261	HM App:	(DEBUG)	:		Checking COM3
2018-06-07 10:00:05,261	HM App:	(DEBUG)	:		Checking COM4
2018-06-07 10:00:05,261	HM App:	(DEBUG)	:		Checking COM5
2018-06-07 10:00:05,261	HM App:	(DEBUG)	:		Checking COM6
2018-06-07 10:00:05,261	HM App:	(DEBUG)	:		Checking COM7
2018-06-07 10:00:05,261	HM App:	(DEBUG)	:		Checking COM8
2018-06-07 10:00:05,261	HM App:	(DEBUG)	:		Checking COM9
2018-06-07 10:00:05,261	HM App:	(DEBUG)	:		Checking COM10
2018-06-07 10:00:05,261	HM App:	(DEBUG)	:		Checking COM11
2018-06-07 10:00:05,261	HM App:	(DEBUG)	:		Checking COM12
2018-06-07 10:00:05,277	HM App:	(DEBUG)	:		Checking COM13
2018-06-07 10:00:05,277	HM App:	(DEBUG)	:		Checking COM14
2018-06-07 10:00:05,277	HM App:	(DEBUG)	:		Checking COM15
2018-06-07 10:00:05,277	HM App:	(DEBUG)	:		Checking COM16
2018-06-07 10:00:05,277	HM App:	(DEBUG)	:		Checking COM17
2018-06-07 10:00:05,277	HM App:	(DEBUG)	:		Checking COM18
2018-06-07 10:00:05,277	HM App:	(DEBUG)	:		Checking COM19
2018-06-07 10:00:05,277	HM App:	(DEBUG)	:		Checking COM20
2018-06-07 10:00:05,277	HM App:	(DEBUG)	:		Checking COM21
2018-06-07 10:00:05,277	HM App:	(DEBUG)	:		Checking COM22
2018-06-07 10:00:05,277	HM App:	(DEBUG)	:		Checking COM23
2018-06-07 10:00:05,277	HM App:	(DEBUG)	:		Checking COM24
2018-06-07 10:00:05,277	HM App:	(DEBUG)	:		Checking COM25
2018-06-07 10:00:05,277	HM App:	(DEBUG)	:		Checking COM26
2018-06-07 10:00:05,277	HM App:	(DEBUG)	:		Checking COM27
2018-06-07 10:00:05,277	HM App:	(DEBUG)	:		Checking COM28
2018-06-07 10:00:05,277	HM App:	(DEBUG)	:		Checking COM29
2018-06-07 10:00:05,277	HM App:	(DEBUG)	:		Checking COM30
2018-06-07 10:00:05,277	HM App:	(DEBUG)	:		Checking COM31
2018-06-07 10:00:05,277	HM App:	(DEBUG)	:		Checking COM32
2018-06-07 10:00:05,277	HM App:	(DEBUG)	:		Checking COM33
2018-06-07 10:00:05,277	HM App:	(DEBUG)	:		Checking COM34
2018-06-07 10:00:05,277	HM App:	(DEBUG)	:		Checking COM35
2018-06-07 10:00:05,277	HM App:	(DEBUG)	:		Checking COM36
2018-06-07 10:00:05,277	HM App:	(DEBUG)	:		Checking COM37
2018-06-07 10:00:05,277	HM App:	(DEBUG)	:		Checking COM38
2018-06-07 10:00:05,277	HM App:	(DEBUG)	:		Checking COM39
2018-06-07 10:00:05,277	HM App:	(DEBUG)	:		Checking COM40
2018-06-07 10:00:05,277	HM App:	(DEBUG)	:		Checking COM41
2018-06-07 10:00:05,277	HM App:	(DEBUG)	:		Checking COM42
2018-06-07 10:00:05,277	HM App:	(DEBUG)	:		Checking COM43
2018-06-07 10:00:05,277	HM App:	(DEBUG)	:		Checking COM44
2018-06-07 10:00:05,277	HM App:	(DEBUG)	:		Checking COM45
2018-06-07 10:00:05,277	HM App:	(DEBUG)	:		Checking COM46
2018-06-07 10:00:05,277	HM App:	(DEBUG)	:		Checking COM47
2018-06-07 10:00:05,277	HM App:	(DEBUG)	:		Checking COM48
2018-06-07 10:00:05,277	HM App:	(DEBUG)	:		Checking COM49
2018-06-07 10:00:05,277	HM App:	(DEBUG)	:		Checking COM50
2018-06-07 10:00:05,277	HM App:	(ERROR)	:	*** Connection error, did not find PS90 controller below port<50. Make sure USB cable is connected.
2018-06-07 10:00:05,277	HM App:	(ERROR)	:	--- Shutting down ---
2018-06-07 16:20:14,453	HM App:	(INFO)	:	--- Starting Application ---
2018-06-07 16:20:14,468	HM App:	(INFO)	:	STEP: discover_and_connect
2018-06-07 16:20:14,468	HM App:	(INFO)	:		find serial port and connect
2018-06-07 16:20:14,468	HM App:	(DEBUG)	:		Checking COM1
2018-06-07 16:20:14,468	HM App:	(DEBUG)	:		Checking COM2
2018-06-07 16:20:14,468	HM App:	(DEBUG)	:		Checking COM3
2018-06-07 16:20:14,468	HM App:	(DEBUG)	:		Checking COM4
2018-06-07 16:20:14,468	HM App:	(DEBUG)	:		Checking COM5
2018-06-07 16:20:14,468	HM App:	(DEBUG)	:		Checking COM6
2018-06-07 16:20:14,468	HM App:	(DEBUG)	:		Checking COM7
2018-06-07 16:20:14,468	HM App:	(DEBUG)	:		Checking COM8
2018-06-07 16:20:14,468	HM App:	(DEBUG)	:		Checking COM9
2018-06-07 16:20:14,468	HM App:	(DEBUG)	:		Checking COM10
2018-06-07 16:20:14,468	HM App:	(DEBUG)	:		Checking COM11
2018-06-07 16:20:14,468	HM App:	(DEBUG)	:		Checking COM12
2018-06-07 16:20:14,468	HM App:	(DEBUG)	:		Checking COM13
2018-06-07 16:20:14,468	HM App:	(DEBUG)	:		Checking COM14
2018-06-07 16:20:14,468	HM App:	(DEBUG)	:		Checking COM15
2018-06-07 16:20:14,468	HM App:	(DEBUG)	:		Checking COM16
2018-06-07 16:20:14,468	HM App:	(DEBUG)	:		Checking COM17
2018-06-07 16:20:14,468	HM App:	(DEBUG)	:		Checking COM18
2018-06-07 16:20:14,484	HM App:	(DEBUG)	:		Checking COM19
2018-06-07 16:20:14,484	HM App:	(DEBUG)	:		Checking COM20
2018-06-07 16:20:14,484	HM App:	(DEBUG)	:		Checking COM21
2018-06-07 16:20:14,484	HM App:	(DEBUG)	:		Checking COM22
2018-06-07 16:20:14,484	HM App:	(DEBUG)	:		Checking COM23
2018-06-07 16:20:14,484	HM App:	(DEBUG)	:		Checking COM24
2018-06-07 16:20:14,484	HM App:	(DEBUG)	:		Checking COM25
2018-06-07 16:20:14,484	HM App:	(DEBUG)	:		Checking COM26
2018-06-07 16:20:14,484	HM App:	(DEBUG)	:		Checking COM27
2018-06-07 16:20:14,484	HM App:	(DEBUG)	:		Checking COM28
2018-06-07 16:20:14,484	HM App:	(DEBUG)	:		Checking COM29
2018-06-07 16:20:14,484	HM App:	(DEBUG)	:		Checking COM30
2018-06-07 16:20:14,484	HM App:	(DEBUG)	:		Checking COM31
2018-06-07 16:20:14,484	HM App:	(DEBUG)	:		Checking COM32
2018-06-07 16:20:14,484	HM App:	(DEBUG)	:		Checking COM33
2018-06-07 16:20:14,484	HM App:	(DEBUG)	:		Checking COM34
2018-06-07 16:20:14,484	HM App:	(DEBUG)	:		Checking COM35
2018-06-07 16:20:14,484	HM App:	(DEBUG)	:		Checking COM36
2018-06-07 16:20:14,484	HM App:	(DEBUG)	:		Checking COM37
2018-06-07 16:20:14,484	HM App:	(DEBUG)	:		Checking COM38
2018-06-07 16:20:14,484	HM App:	(DEBUG)	:		Checking COM39
2018-06-07 16:20:14,484	HM App:	(DEBUG)	:		Checking COM40
2018-06-07 16:20:14,484	HM App:	(DEBUG)	:		Checking COM41
2018-06-07 16:20:14,484	HM App:	(DEBUG)	:		Checking COM42
2018-06-07 16:20:14,484	HM App:	(DEBUG)	:		Checking COM43
2018-06-07 16:20:14,484	HM App:	(DEBUG)	:		Checking COM44
2018-06-07 16:20:14,484	HM App:	(DEBUG)	:		Checking COM45
2018-06-07 16:20:14,484	HM App:	(DEBUG)	:		Checking COM46
2018-06-07 16:20:14,484	HM App:	(DEBUG)	:		Checking COM47
2018-06-07 16:20:14,484	HM App:	(DEBUG)	:		Checking COM48
2018-06-07 16:20:14,484	HM App:	(DEBUG)	:		Checking COM49
2018-06-07 16:20:14,484	HM App:	(DEBUG)	:		Checking COM50
2018-06-07 16:20:14,484	HM App:	(ERROR)	:	*** Connection error, did not find PS90 controller below port<50. Make sure USB cable is connected.
2018-06-07 16:20:14,484	HM App:	(ERROR)	:	--- Shutting down ---
2018-06-07 16:20:48,221	HM App:	(INFO)	:	--- Starting Application ---
2018-06-07 16:20:48,221	HM App:	(INFO)	:	STEP: setup
2018-06-07 16:20:48,221	HM App:	(INFO)	:		DAC Position
2018-06-07 16:20:49,111	HM App:	(INFO)	:		Optical Arrangement
2018-06-07 16:20:51,043	HM App:	(INFO)	:	STEP: main
2018-06-07 16:20:51,043	HM App:	(INFO)	:		launching main window...
